[07:37:02.25] /r giWindowId 0
[07:37:02.25] /r giWindowGeometry 600x300
[07:37:02.27] /o 
              /c                                 Custom Compiler 
              /c 
              /c               Version N-2017.12-SP1-2 for linux64 - May 16, 2018 
              /c 
              /c                     Copyright (c) 2004 - 2018 Synopsys, Inc.
              /c    This software and the associated documentation are proprietary to Synopsys,
              /c  Inc. This software may only be used in accordance with the terms and conditions
              /c  of a written license agreement with Synopsys, Inc. All other use, reproduction,
              /c             or distribution of this software is strictly prohibited.
              /c 
              /c Build  (OPT) Config 4182185 compiled on Wed May 16 15:20:56 2018 for RHEL64 6.6
              /c Invocation: /usr/synopsys/customcompiler/N-2017.12-SP1-2/linux64/platform/bin/custom_compiler
              /c Execution time: Sat Aug 12 07:36:59 2023
              /c Host: localhost.localdomain
              /c Working directory: /home/itsupport/Desktop/lab1vlsi/fulladder
              /c 
[07:37:04.66] /r giShowFrameTabs true
[07:37:04.66] /r giWindowId 1
[07:37:04.67] /r giWindowGeometry 1040x800
[07:39:51.15] /# gi::pressButton {/scroll/scrollArea/scrollAreaInnerWidget/applications/dmLibraryManager} -in [gi::getWindows 1]
[07:39:51.16] /# 
[07:39:51.16] /i dm::openLibraryManager
[07:39:51.16] /r giWindowId 2
[07:39:51.16] /r giWindowGeometry 660x600+50+78
[07:39:51.19] /o oa:0x1a216040
[07:39:53.42] /i exit
[07:39:53.47] /r giDialog gi::setActiveDialog [gi::getDialogs {deExitDialog}]
[07:39:53.73] /r giDialog db::setAttr geometry -of [gi::getDialogs {deExitDialog}] -value 419x181+741+352
[07:39:54.67] /r giDialog gi::pressButton {ok} -in [gi::getDialogs {deExitDialog}]
[07:39:54.68] /i gi::setActiveWindow 1
[07:39:54.68] /i gi::setActiveWindow 1 -raise true
[07:39:54.76] /o Shutdown time: Sat Aug 12 07:39:54 2023
[07:39:54.76] /o Elapsed session real time: 2.88 minutes
[07:39:54.76] /o Session terminated. Log is at /home/itsupport/Desktop/lab1vlsi/fulladder/synopsys_custom/logs/ccompiler.itsupport.2023_8_12_073659_3117.log
